Using pre-set license
Built from '2020.3/staging' branch; Version is '2020.3.22f1 (e1a7f79fd887) revision 14788599'; Using compiler version '192528614'; Build Type 'Release'
OS: 'Windows 10 Home; OS build 22000.527; Version 2009; 64bit' Language: 'en' Physical Memory: 32619 MB
BatchMode: 1, IsHumanControllingUs: 0, StartBugReporterOnCrash: 0, Is64bit: 1, IsPro: 0

COMMAND LINE ARGUMENTS:
C:\Program Files\Unity\Hub\Editor\2020.3.22f1\Editor\Unity.exe
-adb2
-batchMode
-noUpm
-name
AssetImportWorker0
-projectPath
D:/Unity/Projects/What if..Phoenix
-logFile
Logs/AssetImportWorker0.log
-srvPort
54449
Successfully changed project path to: D:/Unity/Projects/What if..Phoenix
D:/Unity/Projects/What if..Phoenix
Using Asset Import Pipeline V2.
Refreshing native plugins compatible for Editor in 68.75 ms, found 2 plugins.
Preloading 0 native plugins for Editor in 0.00 ms.
Initialize engine version: 2020.3.22f1 (e1a7f79fd887)
[Subsystems] Discovering subsystems at path C:/Program Files/Unity/Hub/Editor/2020.3.22f1/Editor/Data/Resources/UnitySubsystems
[Subsystems] Discovering subsystems at path D:/Unity/Projects/What if..Phoenix/Assets
GfxDevice: creating device client; threaded=0
Direct3D:
    Version:  Direct3D 11.0 [level 11.1]
    Renderer: NVIDIA GeForce RTX 3080 Laptop GPU (ID=0x24dc)
    Vendor:   
    VRAM:     16202 MB
    Driver:   30.0.14.9676
Initialize mono
Mono path[0] = 'C:/Program Files/Unity/Hub/Editor/2020.3.22f1/Editor/Data/Managed'
Mono path[1] = 'C:/Program Files/Unity/Hub/Editor/2020.3.22f1/Editor/Data/MonoBleedingEdge/lib/mono/unityjit'
Mono config path = 'C:/Program Files/Unity/Hub/Editor/2020.3.22f1/Editor/Data/MonoBleedingEdge/etc'
Using monoOptions --debugger-agent=transport=dt_socket,embedding=1,server=y,suspend=n,address=127.0.0.1:56236
Begin MonoManager ReloadAssembly
Registering precompiled unity dll's ...
Register platform support module: C:/Program Files/Unity/Hub/Editor/2020.3.22f1/Editor/Data/PlaybackEngines/WebGLSupport/UnityEditor.WebGL.Extensions.dll
Register platform support module: C:/Program Files/Unity/Hub/Editor/2020.3.22f1/Editor/Data/PlaybackEngines/WindowsStandaloneSupport/UnityEditor.WindowsStandalone.Extensions.dll
Registered in 0.001186 seconds.
Native extension for WindowsStandalone target not found
Native extension for WebGL target not found
Refreshing native plugins compatible for Editor in 73.22 ms, found 2 plugins.
Preloading 0 native plugins for Editor in 0.00 ms.
Mono: successfully reloaded assembly
- Completed reload, in  1.301 seconds
Domain Reload Profiling:
	ReloadAssembly (1302ms)
		BeginReloadAssembly (40ms)
			ExecutionOrderSort (0ms)
			DisableScriptedObjects (0ms)
			BackupInstance (0ms)
			ReleaseScriptingObjects (0ms)
			CreateAndSetChildDomain (1ms)
		EndReloadAssembly (353ms)
			LoadAssemblies (38ms)
			RebuildTransferFunctionScriptingTraits (0ms)
			SetupTypeCache (100ms)
			ReleaseScriptCaches (0ms)
			RebuildScriptCaches (20ms)
			SetupLoadedEditorAssemblies (163ms)
				LogAssemblyErrors (0ms)
				InitializePlatformSupportModulesInManaged (4ms)
				SetLoadedEditorAssemblies (0ms)
				RefreshPlugins (73ms)
				BeforeProcessingInitializeOnLoad (10ms)
				ProcessInitializeOnLoadAttributes (56ms)
				ProcessInitializeOnLoadMethodAttributes (19ms)
				AfterProcessingInitializeOnLoad (0ms)
				EditorAssembliesLoaded (0ms)
			ExecutionOrderSort2 (0ms)
			AwakeInstancesAfterBackupRestoration (0ms)
Platform modules already initialized, skipping
Registering precompiled user dll's ...
Registered in 0.005172 seconds.
Begin MonoManager ReloadAssembly
Native extension for WindowsStandalone target not found
Native extension for WebGL target not found
Refreshing native plugins compatible for Editor in 72.80 ms, found 2 plugins.
Preloading 0 native plugins for Editor in 0.00 ms.
Mono: successfully reloaded assembly
- Completed reload, in  0.859 seconds
Domain Reload Profiling:
	ReloadAssembly (860ms)
		BeginReloadAssembly (97ms)
			ExecutionOrderSort (0ms)
			DisableScriptedObjects (3ms)
			BackupInstance (0ms)
			ReleaseScriptingObjects (0ms)
			CreateAndSetChildDomain (16ms)
		EndReloadAssembly (718ms)
			LoadAssemblies (64ms)
			RebuildTransferFunctionScriptingTraits (0ms)
			SetupTypeCache (230ms)
			ReleaseScriptCaches (1ms)
			RebuildScriptCaches (34ms)
			SetupLoadedEditorAssemblies (301ms)
				LogAssemblyErrors (0ms)
				InitializePlatformSupportModulesInManaged (3ms)
				SetLoadedEditorAssemblies (0ms)
				RefreshPlugins (73ms)
				BeforeProcessingInitializeOnLoad (66ms)
				ProcessInitializeOnLoadAttributes (149ms)
				ProcessInitializeOnLoadMethodAttributes (6ms)
				AfterProcessingInitializeOnLoad (3ms)
				EditorAssembliesLoaded (0ms)
			ExecutionOrderSort2 (0ms)
			AwakeInstancesAfterBackupRestoration (5ms)
Platform modules already initialized, skipping
========================================================================
Worker process is ready to serve import requests
Launched and connected shader compiler UnityShaderCompiler.exe after 0.06 seconds
Refreshing native plugins compatible for Editor in 1.02 ms, found 2 plugins.
Preloading 0 native plugins for Editor in 0.00 ms.
Unloading 2809 Unused Serialized files (Serialized files now loaded: 0)
System memory in use before: 131.4 MB.
System memory in use after: 131.6 MB.

Unloading 20 unused Assets to reduce memory usage. Loaded Objects now: 3244.
Total: 3.033500 ms (FindLiveObjects: 0.198400 ms CreateObjectMapping: 0.062800 ms MarkObjects: 2.676600 ms  DeleteObjects: 0.094600 ms)

AssetImportParameters requested are different than current active one (requested -> active):
  custom:framework-win-MediaFoundation: 216162199b28c13a410421893ffa2e32 -> 
  custom:video-decoder-ogg-theora: a1e56fd34408186e4bbccfd4996cb3dc -> 
  custom:container-muxer-webm: aa71ff27fc2769a1b78a27578f13a17b -> 
  custom:container-demuxer-webm: 4f35f7cbe854078d1ac9338744f61a02 -> 
  custom:container-demuxer-ogg: 62fdf1f143b41e24485cea50d1cbac27 -> 
  custom:video-encoder-webm-vp8: eb34c28f22e8b96e1ab97ce403110664 -> 
  custom:video-decoder-webm-vp8: 9c59270c3fd7afecdb556c50c9e8de78 -> 
  custom:audio-decoder-ogg-vorbis: bf7c407c2cedff20999df2af8eb42d56 -> 
  custom:audio-encoder-webm-vorbis: bf7c407c2cedff20999df2af8eb42d56 -> 
========================================================================
Received Import Request.
  path: Assets/Models/Phoenix/1-3.fbm
  artifactKey: Guid(00902fb601d1e104c85243478e19e498) Importer(815301076,1909f56bfc062723c751e8b465ee728b)
Start importing Assets/Models/Phoenix/1-3.fbm using Guid(00902fb601d1e104c85243478e19e498) Importer(815301076,1909f56bfc062723c751e8b465ee728b)  -> (artifact id: '1493c8491c7ce55b72ebe59358f31cd9') in 0.011127 seconds 
  Import took 0.015436 seconds .

========================================================================
Received Import Request.
  Time since last request: 42.637352 seconds.
  path: Assets/Models/Phoenix/CentralCorridor
  artifactKey: Guid(28cec53710d625741a09a7c85024efcb) Importer(815301076,1909f56bfc062723c751e8b465ee728b)
Start importing Assets/Models/Phoenix/CentralCorridor using Guid(28cec53710d625741a09a7c85024efcb) Importer(815301076,1909f56bfc062723c751e8b465ee728b)  -> (artifact id: 'b43a41c08d706d53832910fd30a6dae2') in 0.006656 seconds 
  Import took 0.018801 seconds .

========================================================================
Received Import Request.
  Time since last request: 841.172751 seconds.
  path: Assets/Models/Phoenix/CentralCorridor/CentralCorridor.fbx
  artifactKey: Guid(5a4957ff64f765844a56c7dc37a47446) Importer(815301076,1909f56bfc062723c751e8b465ee728b)
Start importing Assets/Models/Phoenix/CentralCorridor/CentralCorridor.fbx using Guid(5a4957ff64f765844a56c7dc37a47446) Importer(815301076,1909f56bfc062723c751e8b465ee728b)  -> (artifact id: '3295dbc5b4f275870f647bff170d5cde') in 67.144818 seconds 
  Import took 67.457326 seconds .

========================================================================
Received Import Request.
  Time since last request: 244.416777 seconds.
  path: Assets/Models/Phoenix/CentralCorridor/CentralCorridor.fbx
  artifactKey: Guid(5a4957ff64f765844a56c7dc37a47446) Importer(815301076,1909f56bfc062723c751e8b465ee728b)
Start importing Assets/Models/Phoenix/CentralCorridor/CentralCorridor.fbx using Guid(5a4957ff64f765844a56c7dc37a47446) Importer(815301076,1909f56bfc062723c751e8b465ee728b)  -> (artifact id: 'fb85b197b733375f16acb67117cac10d') in 51.911455 seconds 
  Import took 52.255264 seconds .

========================================================================
Received Import Request.
  Time since last request: 258.494319 seconds.
  path: Assets/Models/Phoenix/CentralCorridor/aCentralCorridor.fbx
  artifactKey: Guid(5a4957ff64f765844a56c7dc37a47446) Importer(815301076,1909f56bfc062723c751e8b465ee728b)
Start importing Assets/Models/Phoenix/CentralCorridor/aCentralCorridor.fbx using Guid(5a4957ff64f765844a56c7dc37a47446) Importer(815301076,1909f56bfc062723c751e8b465ee728b)  -> (artifact id: '27142e64b8fa8077147055a119aa1d65') in 73.365628 seconds 
  Import took 73.738200 seconds .

========================================================================
Received Import Request.
  Time since last request: 0.000163 seconds.
  path: Assets/Models/Phoenix/1W
  artifactKey: Guid(c2ec7ff09a483464bad2b924e8d01087) Importer(815301076,1909f56bfc062723c751e8b465ee728b)
Start importing Assets/Models/Phoenix/1W using Guid(c2ec7ff09a483464bad2b924e8d01087) Importer(815301076,1909f56bfc062723c751e8b465ee728b)  -> (artifact id: 'ca1abf046e647b82793b649668bac757') in 0.007064 seconds 
  Import took 0.012104 seconds .

========================================================================
Received Import Request.
  Time since last request: 635.043196 seconds.
  path: Assets/Models/Phoenix/CentralCorridor/1W.fbx
  artifactKey: Guid(5a4957ff64f765844a56c7dc37a47446) Importer(815301076,1909f56bfc062723c751e8b465ee728b)
Start importing Assets/Models/Phoenix/CentralCorridor/1W.fbx using Guid(5a4957ff64f765844a56c7dc37a47446) Importer(815301076,1909f56bfc062723c751e8b465ee728b)  -> (artifact id: '08b37d916ab271411a7e58b13c80705e') in 85.299562 seconds 
  Import took 85.628751 seconds .

========================================================================
Received Import Request.
  Time since last request: 0.000395 seconds.
  path: Assets/Models/Phoenix/CentralCorridor/1W.fbm
  artifactKey: Guid(4199f298b8f76c840836fa8ae16f38e4) Importer(815301076,1909f56bfc062723c751e8b465ee728b)
Start importing Assets/Models/Phoenix/CentralCorridor/1W.fbm using Guid(4199f298b8f76c840836fa8ae16f38e4) Importer(815301076,1909f56bfc062723c751e8b465ee728b)  -> (artifact id: '46604f94d1974212a09b835f533a38d3') in 0.017161 seconds 
  Import took 0.022249 seconds .

========================================================================
Received Import Request.
  Time since last request: 300.389650 seconds.
  path: Assets/Models/Phoenix/CC
  artifactKey: Guid(c2ec7ff09a483464bad2b924e8d01087) Importer(815301076,1909f56bfc062723c751e8b465ee728b)
Start importing Assets/Models/Phoenix/CC using Guid(c2ec7ff09a483464bad2b924e8d01087) Importer(815301076,1909f56bfc062723c751e8b465ee728b)  -> (artifact id: '8a916b9783bfc6752190920817507e63') in 0.009061 seconds 
  Import took 0.015142 seconds .

========================================================================
Received Import Request.
  Time since last request: 19.090767 seconds.
  path: Assets/Models/Phoenix/1W
  artifactKey: Guid(28cec53710d625741a09a7c85024efcb) Importer(815301076,1909f56bfc062723c751e8b465ee728b)
Start importing Assets/Models/Phoenix/1W using Guid(28cec53710d625741a09a7c85024efcb) Importer(815301076,1909f56bfc062723c751e8b465ee728b)  -> (artifact id: '7bcd5384ca40ef55cb2174022e535d0a') in 0.006791 seconds 
  Import took 0.018863 seconds .

========================================================================
Received Import Request.
  Time since last request: 334.539695 seconds.
  path: Assets/Models/Phoenix/CC/CentralCorridor.fbx
  artifactKey: Guid(e80bfd428b9bf6149bfdb229eb1e5b73) Importer(815301076,1909f56bfc062723c751e8b465ee728b)
Start importing Assets/Models/Phoenix/CC/CentralCorridor.fbx using Guid(e80bfd428b9bf6149bfdb229eb1e5b73) Importer(815301076,1909f56bfc062723c751e8b465ee728b)  -> (artifact id: '8d3553c6685591b2b6636d10b14f9c3c') in 87.921000 seconds 
  Import took 88.300948 seconds .

========================================================================
Received Import Request.
  Time since last request: 271.648011 seconds.
  path: Assets/Models/Phoenix/CC/CentralCorridor.fbx
  artifactKey: Guid(e80bfd428b9bf6149bfdb229eb1e5b73) Importer(815301076,1909f56bfc062723c751e8b465ee728b)
Start importing Assets/Models/Phoenix/CC/CentralCorridor.fbx using Guid(e80bfd428b9bf6149bfdb229eb1e5b73) Importer(815301076,1909f56bfc062723c751e8b465ee728b)  -> (artifact id: '14af9f3f2bce7e3bfb94a6c351131683') in 50.505469 seconds 
  Import took 50.860130 seconds .

========================================================================
Received Prepare
Registering precompiled user dll's ...
Registered in 0.101202 seconds.
Begin MonoManager ReloadAssembly
Native extension for WindowsStandalone target not found
Native extension for WebGL target not found
Refreshing native plugins compatible for Editor in 2.50 ms, found 2 plugins.
Preloading 0 native plugins for Editor in 0.00 ms.
Mono: successfully reloaded assembly
- Completed reload, in  1.013 seconds
Domain Reload Profiling:
	ReloadAssembly (1015ms)
		BeginReloadAssembly (253ms)
			ExecutionOrderSort (0ms)
			DisableScriptedObjects (18ms)
			BackupInstance (0ms)
			ReleaseScriptingObjects (0ms)
			CreateAndSetChildDomain (162ms)
		EndReloadAssembly (718ms)
			LoadAssemblies (73ms)
			RebuildTransferFunctionScriptingTraits (0ms)
			SetupTypeCache (270ms)
			ReleaseScriptCaches (1ms)
			RebuildScriptCaches (33ms)
			SetupLoadedEditorAssemblies (215ms)
				LogAssemblyErrors (0ms)
				InitializePlatformSupportModulesInManaged (4ms)
				SetLoadedEditorAssemblies (0ms)
				RefreshPlugins (3ms)
				BeforeProcessingInitializeOnLoad (71ms)
				ProcessInitializeOnLoadAttributes (128ms)
				ProcessInitializeOnLoadMethodAttributes (6ms)
				AfterProcessingInitializeOnLoad (3ms)
				EditorAssembliesLoaded (0ms)
			ExecutionOrderSort2 (0ms)
			AwakeInstancesAfterBackupRestoration (10ms)
Platform modules already initialized, skipping
Refreshing native plugins compatible for Editor in 2.76 ms, found 2 plugins.
Preloading 0 native plugins for Editor in 0.00 ms.
Unloading 2686 Unused Serialized files (Serialized files now loaded: 0)
System memory in use before: 247.9 MB.
System memory in use after: 248.2 MB.

Unloading 15 unused Assets to reduce memory usage. Loaded Objects now: 3327.
Total: 2.775100 ms (FindLiveObjects: 0.190600 ms CreateObjectMapping: 0.054600 ms MarkObjects: 2.510300 ms  DeleteObjects: 0.018900 ms)

AssetImportParameters requested are different than current active one (requested -> active):
  custom:framework-win-MediaFoundation: 216162199b28c13a410421893ffa2e32 -> 
  custom:video-decoder-ogg-theora: a1e56fd34408186e4bbccfd4996cb3dc -> 
  custom:container-muxer-webm: aa71ff27fc2769a1b78a27578f13a17b -> 
  custom:container-demuxer-webm: 4f35f7cbe854078d1ac9338744f61a02 -> 
  custom:container-demuxer-ogg: 62fdf1f143b41e24485cea50d1cbac27 -> 
  custom:video-encoder-webm-vp8: eb34c28f22e8b96e1ab97ce403110664 -> 
  custom:video-decoder-webm-vp8: 9c59270c3fd7afecdb556c50c9e8de78 -> 
  custom:audio-decoder-ogg-vorbis: bf7c407c2cedff20999df2af8eb42d56 -> 
  custom:audio-encoder-webm-vorbis: bf7c407c2cedff20999df2af8eb42d56 -> 
